<?xml version="1.0" encoding="UTF-8"?>
<!-- Generated by org.testng.reporters.JUnitReportReporter -->
<testsuite hostname="QSP" failures="0" tests="1" name="testng.Parallel" time="61.112" errors="0" timestamp="2021-12-03T08:25:00 IST" skipped="0">
  <testcase classname="testng.Parallel" name="demo" time="61.112"/>
</testsuite> <!-- testng.Parallel -->
