<?xml version="1.0" encoding="UTF-8"?>
<!-- Generated by org.testng.reporters.JUnitReportReporter -->
<testsuite hostname="QSP" failures="0" tests="1" name="testng.Testcase1" time="13.846" errors="0" timestamp="2021-12-02T09:23:32 IST" skipped="0">
  <testcase classname="testng.Testcase1" name="tc1" time="13.846"/>
</testsuite> <!-- testng.Testcase1 -->
